<?xml version="1.0" encoding="UTF-8"?>
<!-- Generated by org.testng.reporters.JUnitXMLReporter -->
<testsuite ignored="0" hostname="Admin-PC" failures="2" tests="4" name="Test" time="51.982" errors="0" timestamp="2022-12-12T17:59:48 IST">
  <testcase classname="Maven_Test.DummyTest" name="Dummy" time="0.029"/>
  <testcase classname="Maven_Test.MavenDemoTest" name="Demo" time="0.006"/>
  <testcase classname="Maven_Test.DemoWebShop_RegisterTest" name="p2" time="42.482">
    <failure type="org.openqa.selenium.SessionNotCreatedException" message="session not created: This version of ChromeDriver only supports Chrome version 106
Current browser version is 108.0.5359.99 with binary path C:\Program Files (x86)\Google\Chrome\Application\chrome.exe
Build info: version: &amp;apos;3.7.1&amp;apos;, revision: &amp;apos;8a0099a&amp;apos;, time: &amp;apos;2017-11-06T21:01:39.354Z&amp;apos;
System info: host: &amp;apos;ADMIN-PC&amp;apos;, ip: &amp;apos;10.10.60.247&amp;apos;, os.name: &amp;apos;Windows 7&amp;apos;, os.arch: &amp;apos;amd64&amp;apos;, os.version: &amp;apos;6.1&amp;apos;, java.version: &amp;apos;17.0.4.1&amp;apos;
Driver info: driver.version: ChromeDriver
remote stacktrace: Backtrace:
	Ordinal0 [0x00C61ED3+2236115]
	Ordinal0 [0x00BF92F1+1807089]
	Ordinal0 [0x00B066FD+812797]
	Ordinal0 [0x00B28C6D+953453]
	Ordinal0 [0x00B24200+934400]
	Ordinal0 [0x00B219C9+924105]
	Ordinal0 [0x00B5806C+1146988]
	Ordinal0 [0x00B57A6A+1145450]
	Ordinal0 [0x00B518A6+1120422]
	Ordinal0 [0x00B2A73D+960317]
	Ordinal0 [0x00B2B71F+964383]
	GetHandleVerifier [0x00F0E7E2+2743074]
	GetHandleVerifier [0x00F008D4+2685972]
	GetHandleVerifier [0x00CF2BAA+532202]
	GetHandleVerifier [0x00CF1990+527568]
	Ordinal0 [0x00C0080C+1837068]
	Ordinal0 [0x00C04CD8+1854680]
	Ordinal0 [0x00C04DC5+1854917]
	Ordinal0 [0x00C0ED64+1895780]
	BaseThreadInitThunk [0x754D336A+18]
	RtlInitializeExceptionChain [0x77BF9902+99]
	RtlInitializeExceptionChain [0x77BF98D5+54]
">
      <![CDATA[org.openqa.selenium.SessionNotCreatedException: session not created: This version of ChromeDriver only supports Chrome version 106
Current browser version is 108.0.5359.99 with binary path C:\Program Files (x86)\Google\Chrome\Application\chrome.exe
Build info: version: '3.7.1', revision: '8a0099a', time: '2017-11-06T21:01:39.354Z'
System info: host: 'ADMIN-PC', ip: '10.10.60.247', os.name: 'Windows 7', os.arch: 'amd64', os.version: '6.1', java.version: '17.0.4.1'
Driver info: driver.version: ChromeDriver
remote stacktrace: Backtrace:
Ordinal0 [0x00C61ED3+2236115]
Ordinal0 [0x00BF92F1+1807089]
Ordinal0 [0x00B066FD+812797]
Ordinal0 [0x00B28C6D+953453]
Ordinal0 [0x00B24200+934400]
Ordinal0 [0x00B219C9+924105]
Ordinal0 [0x00B5806C+1146988]
Ordinal0 [0x00B57A6A+1145450]
Ordinal0 [0x00B518A6+1120422]
Ordinal0 [0x00B2A73D+960317]
Ordinal0 [0x00B2B71F+964383]
GetHandleVerifier [0x00F0E7E2+2743074]
GetHandleVerifier [0x00F008D4+2685972]
GetHandleVerifier [0x00CF2BAA+532202]
GetHandleVerifier [0x00CF1990+527568]
Ordinal0 [0x00C0080C+1837068]
Ordinal0 [0x00C04CD8+1854680]
Ordinal0 [0x00C04DC5+1854917]
Ordinal0 [0x00C0ED64+1895780]
BaseThreadInitThunk [0x754D336A+18]
RtlInitializeExceptionChain [0x77BF9902+99]
RtlInitializeExceptionChain [0x77BF98D5+54]

at org.openqa.selenium.remote.W3CHandshakeResponse.lambda$new$0(W3CHandshakeResponse.java:57)
at org.openqa.selenium.remote.W3CHandshakeResponse.lambda$getResponseFunction$2(W3CHandshakeResponse.java:104)
at org.openqa.selenium.remote.ProtocolHandshake.lambda$createSession$0(ProtocolHandshake.java:123)
at java.base/java.util.stream.ReferencePipeline$3$1.accept(ReferencePipeline.java:197)
at java.base/java.util.Spliterators$ArraySpliterator.tryAdvance(Spliterators.java:1002)
at java.base/java.util.stream.ReferencePipeline.forEachWithCancel(ReferencePipeline.java:129)
at java.base/java.util.stream.AbstractPipeline.copyIntoWithCancel(AbstractPipeline.java:527)
at java.base/java.util.stream.AbstractPipeline.copyInto(AbstractPipeline.java:513)
at java.base/java.util.stream.AbstractPipeline.wrapAndCopyInto(AbstractPipeline.java:499)
at java.base/java.util.stream.FindOps$FindOp.evaluateSequential(FindOps.java:150)
at java.base/java.util.stream.AbstractPipeline.evaluate(AbstractPipeline.java:234)
at java.base/java.util.stream.ReferencePipeline.findFirst(ReferencePipeline.java:647)
at org.openqa.selenium.remote.ProtocolHandshake.createSession(ProtocolHandshake.java:126)
at org.openqa.selenium.remote.ProtocolHandshake.createSession(ProtocolHandshake.java:73)
at org.openqa.selenium.remote.HttpCommandExecutor.execute(HttpCommandExecutor.java:142)
at org.openqa.selenium.remote.service.DriverCommandExecutor.execute(DriverCommandExecutor.java:83)
at org.openqa.selenium.remote.RemoteWebDriver.execute(RemoteWebDriver.java:600)
at org.openqa.selenium.remote.RemoteWebDriver.startSession(RemoteWebDriver.java:219)
at org.openqa.selenium.remote.RemoteWebDriver.<init>(RemoteWebDriver.java:142)
at org.openqa.selenium.chrome.ChromeDriver.<init>(ChromeDriver.java:181)
at org.openqa.selenium.chrome.ChromeDriver.<init>(ChromeDriver.java:168)
at org.openqa.selenium.chrome.ChromeDriver.<init>(ChromeDriver.java:123)
at Maven_Test.DemoWebShop_RegisterTest.p2(DemoWebShop_RegisterTest.java:13)
at java.base/java.util.ArrayList.forEach(ArrayList.java:1511)
... Removed 32 stack frames]]>
    </failure>
  </testcase> <!-- p2 -->
  <testcase classname="Maven_Test.Demowebshop_SearchTest" name="P1" time="9.314">
    <failure type="org.openqa.selenium.SessionNotCreatedException" message="session not created: This version of ChromeDriver only supports Chrome version 106
Current browser version is 108.0.5359.99 with binary path C:\Program Files (x86)\Google\Chrome\Application\chrome.exe
Build info: version: &amp;apos;3.7.1&amp;apos;, revision: &amp;apos;8a0099a&amp;apos;, time: &amp;apos;2017-11-06T21:01:39.354Z&amp;apos;
System info: host: &amp;apos;ADMIN-PC&amp;apos;, ip: &amp;apos;10.10.60.247&amp;apos;, os.name: &amp;apos;Windows 7&amp;apos;, os.arch: &amp;apos;amd64&amp;apos;, os.version: &amp;apos;6.1&amp;apos;, java.version: &amp;apos;17.0.4.1&amp;apos;
Driver info: driver.version: ChromeDriver
remote stacktrace: Backtrace:
	Ordinal0 [0x00C61ED3+2236115]
	Ordinal0 [0x00BF92F1+1807089]
	Ordinal0 [0x00B066FD+812797]
	Ordinal0 [0x00B28C6D+953453]
	Ordinal0 [0x00B24200+934400]
	Ordinal0 [0x00B219C9+924105]
	Ordinal0 [0x00B5806C+1146988]
	Ordinal0 [0x00B57A6A+1145450]
	Ordinal0 [0x00B518A6+1120422]
	Ordinal0 [0x00B2A73D+960317]
	Ordinal0 [0x00B2B71F+964383]
	GetHandleVerifier [0x00F0E7E2+2743074]
	GetHandleVerifier [0x00F008D4+2685972]
	GetHandleVerifier [0x00CF2BAA+532202]
	GetHandleVerifier [0x00CF1990+527568]
	Ordinal0 [0x00C0080C+1837068]
	Ordinal0 [0x00C04CD8+1854680]
	Ordinal0 [0x00C04DC5+1854917]
	Ordinal0 [0x00C0ED64+1895780]
	BaseThreadInitThunk [0x754D336A+18]
	RtlInitializeExceptionChain [0x77BF9902+99]
	RtlInitializeExceptionChain [0x77BF98D5+54]
">
      <![CDATA[org.openqa.selenium.SessionNotCreatedException: session not created: This version of ChromeDriver only supports Chrome version 106
Current browser version is 108.0.5359.99 with binary path C:\Program Files (x86)\Google\Chrome\Application\chrome.exe
Build info: version: '3.7.1', revision: '8a0099a', time: '2017-11-06T21:01:39.354Z'
System info: host: 'ADMIN-PC', ip: '10.10.60.247', os.name: 'Windows 7', os.arch: 'amd64', os.version: '6.1', java.version: '17.0.4.1'
Driver info: driver.version: ChromeDriver
remote stacktrace: Backtrace:
Ordinal0 [0x00C61ED3+2236115]
Ordinal0 [0x00BF92F1+1807089]
Ordinal0 [0x00B066FD+812797]
Ordinal0 [0x00B28C6D+953453]
Ordinal0 [0x00B24200+934400]
Ordinal0 [0x00B219C9+924105]
Ordinal0 [0x00B5806C+1146988]
Ordinal0 [0x00B57A6A+1145450]
Ordinal0 [0x00B518A6+1120422]
Ordinal0 [0x00B2A73D+960317]
Ordinal0 [0x00B2B71F+964383]
GetHandleVerifier [0x00F0E7E2+2743074]
GetHandleVerifier [0x00F008D4+2685972]
GetHandleVerifier [0x00CF2BAA+532202]
GetHandleVerifier [0x00CF1990+527568]
Ordinal0 [0x00C0080C+1837068]
Ordinal0 [0x00C04CD8+1854680]
Ordinal0 [0x00C04DC5+1854917]
Ordinal0 [0x00C0ED64+1895780]
BaseThreadInitThunk [0x754D336A+18]
RtlInitializeExceptionChain [0x77BF9902+99]
RtlInitializeExceptionChain [0x77BF98D5+54]

at org.openqa.selenium.remote.W3CHandshakeResponse.lambda$new$0(W3CHandshakeResponse.java:57)
at org.openqa.selenium.remote.W3CHandshakeResponse.lambda$getResponseFunction$2(W3CHandshakeResponse.java:104)
at org.openqa.selenium.remote.ProtocolHandshake.lambda$createSession$0(ProtocolHandshake.java:123)
at java.base/java.util.stream.ReferencePipeline$3$1.accept(ReferencePipeline.java:197)
at java.base/java.util.Spliterators$ArraySpliterator.tryAdvance(Spliterators.java:1002)
at java.base/java.util.stream.ReferencePipeline.forEachWithCancel(ReferencePipeline.java:129)
at java.base/java.util.stream.AbstractPipeline.copyIntoWithCancel(AbstractPipeline.java:527)
at java.base/java.util.stream.AbstractPipeline.copyInto(AbstractPipeline.java:513)
at java.base/java.util.stream.AbstractPipeline.wrapAndCopyInto(AbstractPipeline.java:499)
at java.base/java.util.stream.FindOps$FindOp.evaluateSequential(FindOps.java:150)
at java.base/java.util.stream.AbstractPipeline.evaluate(AbstractPipeline.java:234)
at java.base/java.util.stream.ReferencePipeline.findFirst(ReferencePipeline.java:647)
at org.openqa.selenium.remote.ProtocolHandshake.createSession(ProtocolHandshake.java:126)
at org.openqa.selenium.remote.ProtocolHandshake.createSession(ProtocolHandshake.java:73)
at org.openqa.selenium.remote.HttpCommandExecutor.execute(HttpCommandExecutor.java:142)
at org.openqa.selenium.remote.service.DriverCommandExecutor.execute(DriverCommandExecutor.java:83)
at org.openqa.selenium.remote.RemoteWebDriver.execute(RemoteWebDriver.java:600)
at org.openqa.selenium.remote.RemoteWebDriver.startSession(RemoteWebDriver.java:219)
at org.openqa.selenium.remote.RemoteWebDriver.<init>(RemoteWebDriver.java:142)
at org.openqa.selenium.chrome.ChromeDriver.<init>(ChromeDriver.java:181)
at org.openqa.selenium.chrome.ChromeDriver.<init>(ChromeDriver.java:168)
at org.openqa.selenium.chrome.ChromeDriver.<init>(ChromeDriver.java:123)
at Maven_Test.Demowebshop_SearchTest.P1(Demowebshop_SearchTest.java:13)
at java.base/java.util.ArrayList.forEach(ArrayList.java:1511)
... Removed 32 stack frames]]>
    </failure>
  </testcase> <!-- P1 -->
</testsuite> <!-- Test -->
